{"body":{"address":"123 Main st","city":"Quetta","email":"admin@lardeneleather.com","firstName":"Admin","lastName":"User","phone":"1234567890","postalCode":"44000","state":"Balochistan"},"level":"info","message":"Shipping validation request:","timestamp":"2025-03-04T11:45:22.941Z"}
{"address":"123 Main st","city":"Quetta","email":"admin@lardeneleather.com","firstName":"Admin","lastName":"User","level":"info","message":"Parsed shipping fields:","phone":"1234567890","postalCode":"44000","state":"Balochistan","timestamp":"2025-03-04T11:45:22.962Z"}
{"city":"Quetta","level":"info","message":"Shipping validation successful:","shippingDetails":{"estimatedDeliveryDays":"4-5","fee":750,"restrictions":["Delivery may take longer due to remote location"],"services":["Standard Delivery"]},"state":"Balochistan","timestamp":"2025-03-04T11:45:22.969Z"}
{"body":{"address":"123 Main st","city":"Karachi","email":"admin@lardeneleather.com","firstName":"Admin","lastName":"User","phone":"1234567890","postalCode":"44000","state":"Sindh"},"level":"info","message":"Shipping validation request:","timestamp":"2025-03-04T11:46:40.587Z"}
{"address":"123 Main st","city":"Karachi","email":"admin@lardeneleather.com","firstName":"Admin","lastName":"User","level":"info","message":"Parsed shipping fields:","phone":"1234567890","postalCode":"44000","state":"Sindh","timestamp":"2025-03-04T11:46:40.591Z"}
{"city":"Karachi","level":"info","message":"Shipping validation successful:","shippingDetails":{"estimatedDeliveryDays":"2-3","fee":500,"restrictions":[],"services":["Standard Delivery","Express Delivery"]},"state":"Sindh","timestamp":"2025-03-04T11:46:40.596Z"}
{"body":{"address":"123 Main st","city":"Lahore","email":"admin@lardeneleather.com","firstName":"Admin","lastName":"User","phone":"1234567890","postalCode":"44000","state":"Punjab"},"level":"info","message":"Shipping validation request:","timestamp":"2025-03-04T11:47:42.061Z"}
{"address":"123 Main st","city":"Lahore","email":"admin@lardeneleather.com","firstName":"Admin","lastName":"User","level":"info","message":"Parsed shipping fields:","phone":"1234567890","postalCode":"44000","state":"Punjab","timestamp":"2025-03-04T11:47:42.064Z"}
{"city":"Lahore","level":"info","message":"Shipping validation successful:","shippingDetails":{"estimatedDeliveryDays":"2-3","fee":500,"restrictions":[],"services":["Standard Delivery","Express Delivery"]},"state":"Punjab","timestamp":"2025-03-04T11:47:42.068Z"}
{"body":{"address":"123 Main st","city":"Lahore","email":"admin@lardeneleather.com","firstName":"Admin","lastName":"User","phone":"1234567890","postalCode":"44000","state":"Punjab"},"level":"info","message":"Shipping validation request:","timestamp":"2025-03-04T11:55:17.431Z"}
{"address":"123 Main st","city":"Lahore","email":"admin@lardeneleather.com","firstName":"Admin","lastName":"User","level":"info","message":"Parsed shipping fields:","phone":"1234567890","postalCode":"44000","state":"Punjab","timestamp":"2025-03-04T11:55:17.434Z"}
{"city":"Lahore","level":"info","message":"Shipping validation successful:","shippingDetails":{"estimatedDeliveryDays":"2-3","fee":500,"restrictions":[],"services":["Standard Delivery","Express Delivery"]},"state":"Punjab","timestamp":"2025-03-04T11:55:17.435Z"}
{"body":{"address":"123 Main st","city":"Kohat","email":"admin@lardeneleather.com","firstName":"Admin","lastName":"User","phone":"1234567890","postalCode":"44000","state":"Khyber Pakhtunkhwa"},"level":"info","message":"Shipping validation request:","timestamp":"2025-03-04T12:01:39.136Z"}
{"address":"123 Main st","city":"Kohat","email":"admin@lardeneleather.com","firstName":"Admin","lastName":"User","level":"info","message":"Parsed shipping fields:","phone":"1234567890","postalCode":"44000","state":"Khyber Pakhtunkhwa","timestamp":"2025-03-04T12:01:39.138Z"}
{"city":"Kohat","level":"info","message":"Shipping validation successful:","shippingDetails":{"estimatedDeliveryDays":"4-5","fee":500,"restrictions":[],"services":["Standard Delivery"]},"state":"Khyber Pakhtunkhwa","timestamp":"2025-03-04T12:01:39.140Z"}
{"body":{"address":"123 Main st","city":"Lahore","email":"admin@lardeneleather.com","firstName":"Admin","lastName":"User","phone":"1234567890","postalCode":"44000","state":"Punjab"},"level":"info","message":"Shipping validation request:","timestamp":"2025-03-04T12:16:07.983Z"}
{"address":"123 Main st","city":"Lahore","email":"admin@lardeneleather.com","firstName":"Admin","lastName":"User","level":"info","message":"Parsed shipping fields:","phone":"1234567890","postalCode":"44000","state":"Punjab","timestamp":"2025-03-04T12:16:07.985Z"}
{"city":"Lahore","level":"info","message":"Shipping validation successful:","shippingDetails":{"estimatedDeliveryDays":"2-3","fee":500,"restrictions":[],"services":["Standard Delivery","Express Delivery"]},"state":"Punjab","timestamp":"2025-03-04T12:16:07.988Z"}
{"body":{"address":"Officers Colony","city":"Mirpur","email":"aliamarnust@gmail.com","firstName":"Ali","lastName":"Amar","phone":"0349 8931538","postalCode":"10250","state":"AJK"},"level":"info","message":"Shipping validation request:","timestamp":"2025-03-08T20:17:47.437Z"}
{"address":"Officers Colony","city":"Mirpur","email":"aliamarnust@gmail.com","firstName":"Ali","lastName":"Amar","level":"info","message":"Parsed shipping fields:","phone":"0349 8931538","postalCode":"10250","state":"AJK","timestamp":"2025-03-08T20:17:47.444Z"}
{"city":"Mirpur","level":"info","message":"Shipping validation successful:","shippingDetails":{"estimatedDeliveryDays":"4-5","fee":500,"restrictions":[],"services":["Standard Delivery"]},"state":"AJK","timestamp":"2025-03-08T20:17:47.446Z"}
